0 info it worked if it ends with ok
1 verbose cli [ '/usr/local/bin/node',
1 verbose cli   '/usr/local/bin/npm',
1 verbose cli   'rebuild',
1 verbose cli   'node-sass' ]
2 info using npm@3.3.12
3 info using node@v5.2.0
4 info readInstalled object
5 verbose rebuild path, id [ '/home/qoder/WebstormProjects/reactScaffold-Qoder/node_modules/node-sass',
5 verbose rebuild   'node-sass@3.13.0' ]
6 silly rebuild set [ '/home/qoder/WebstormProjects/reactScaffold-Qoder/node_modules/node-sass' ]
7 info build /home/qoder/WebstormProjects/reactScaffold-Qoder/node_modules/node-sass
8 info lifecycle node-sass@3.13.0~preinstall: node-sass@3.13.0
9 silly lifecycle node-sass@3.13.0~preinstall: no script for preinstall, continuing
10 info linkStuff node-sass@3.13.0
11 silly linkStuff node-sass@3.13.0 has /home/qoder/WebstormProjects/reactScaffold-Qoder/node_modules as its parent node_modules
12 verbose linkBins node-sass@3.13.0
13 verbose link bins [ { 'node-sass': 'bin/node-sass' },
13 verbose link bins   '/home/qoder/WebstormProjects/reactScaffold-Qoder/node_modules/.bin',
13 verbose link bins   false ]
14 verbose linkMans node-sass@3.13.0
15 verbose rebuildBundles node-sass@3.13.0
16 verbose rebuildBundles [ '.bin',
16 verbose rebuildBundles   'assert-plus',
16 verbose rebuildBundles   'async-foreach',
16 verbose rebuildBundles   'aws-sign2',
16 verbose rebuildBundles   'aws4',
16 verbose rebuildBundles   'caseless',
16 verbose rebuildBundles   'chalk',
16 verbose rebuildBundles   'combined-stream',
16 verbose rebuildBundles   'commander',
16 verbose rebuildBundles   'cross-spawn',
16 verbose rebuildBundles   'delayed-stream',
16 verbose rebuildBundles   'forever-agent',
16 verbose rebuildBundles   'gaze',
16 verbose rebuildBundles   'get-stdin',
16 verbose rebuildBundles   'glob',
16 verbose rebuildBundles   'in-publish',
16 verbose rebuildBundles   'lodash.assign',
16 verbose rebuildBundles   'lodash.clonedeep',
16 verbose rebuildBundles   'meow',
16 verbose rebuildBundles   'mkdirp',
16 verbose rebuildBundles   'nan',
16 verbose rebuildBundles   'node-gyp',
16 verbose rebuildBundles   'npmlog',
16 verbose rebuildBundles   'request',
16 verbose rebuildBundles   'sass-graph' ]
17 verbose rebuild bundle /home/qoder/WebstormProjects/reactScaffold-Qoder/node_modules/node-sass/node_modules/assert-plus
18 info build /home/qoder/WebstormProjects/reactScaffold-Qoder/node_modules/node-sass/node_modules/assert-plus
19 silly gentlyRm /home/qoder/WebstormProjects/reactScaffold-Qoder/node_modules/.bin/node-sass is being purged
20 verbose gentlyRm don't care about contents; nuking /home/qoder/WebstormProjects/reactScaffold-Qoder/node_modules/.bin/node-sass
21 silly vacuum-fs purging /home/qoder/WebstormProjects/reactScaffold-Qoder/node_modules/.bin/node-sass
22 info lifecycle assert-plus@0.2.0~preinstall: assert-plus@0.2.0
23 silly lifecycle assert-plus@0.2.0~preinstall: no script for preinstall, continuing
24 silly vacuum-fs quitting because other entries in /home/qoder/WebstormProjects/reactScaffold-Qoder/node_modules/.bin
25 info linkStuff assert-plus@0.2.0
26 silly linkStuff assert-plus@0.2.0 has /home/qoder/WebstormProjects/reactScaffold-Qoder/node_modules/node-sass/node_modules as its parent node_modules
27 verbose linkBins assert-plus@0.2.0
28 verbose linkMans assert-plus@0.2.0
29 verbose rebuildBundles assert-plus@0.2.0
30 info lifecycle assert-plus@0.2.0~install: assert-plus@0.2.0
31 silly lifecycle assert-plus@0.2.0~install: no script for install, continuing
32 info lifecycle assert-plus@0.2.0~postinstall: assert-plus@0.2.0
33 silly lifecycle assert-plus@0.2.0~postinstall: no script for postinstall, continuing
34 verbose rebuild bundle /home/qoder/WebstormProjects/reactScaffold-Qoder/node_modules/node-sass/node_modules/aws-sign2
35 info build /home/qoder/WebstormProjects/reactScaffold-Qoder/node_modules/node-sass/node_modules/aws-sign2
36 info lifecycle aws-sign2@0.6.0~preinstall: aws-sign2@0.6.0
37 silly lifecycle aws-sign2@0.6.0~preinstall: no script for preinstall, continuing
38 info linkStuff aws-sign2@0.6.0
39 silly linkStuff aws-sign2@0.6.0 has /home/qoder/WebstormProjects/reactScaffold-Qoder/node_modules/node-sass/node_modules as its parent node_modules
40 verbose linkBins aws-sign2@0.6.0
41 verbose linkMans aws-sign2@0.6.0
42 verbose rebuildBundles aws-sign2@0.6.0
43 info lifecycle aws-sign2@0.6.0~install: aws-sign2@0.6.0
44 silly lifecycle aws-sign2@0.6.0~install: no script for install, continuing
45 info lifecycle aws-sign2@0.6.0~postinstall: aws-sign2@0.6.0
46 silly lifecycle aws-sign2@0.6.0~postinstall: no script for postinstall, continuing
47 verbose rebuild bundle /home/qoder/WebstormProjects/reactScaffold-Qoder/node_modules/node-sass/node_modules/aws4
48 info build /home/qoder/WebstormProjects/reactScaffold-Qoder/node_modules/node-sass/node_modules/aws4
49 info lifecycle aws4@1.5.0~preinstall: aws4@1.5.0
50 silly lifecycle aws4@1.5.0~preinstall: no script for preinstall, continuing
51 info linkStuff aws4@1.5.0
52 silly linkStuff aws4@1.5.0 has /home/qoder/WebstormProjects/reactScaffold-Qoder/node_modules/node-sass/node_modules as its parent node_modules
53 verbose linkBins aws4@1.5.0
54 verbose linkMans aws4@1.5.0
55 verbose rebuildBundles aws4@1.5.0
56 info lifecycle aws4@1.5.0~install: aws4@1.5.0
57 silly lifecycle aws4@1.5.0~install: no script for install, continuing
58 info lifecycle aws4@1.5.0~postinstall: aws4@1.5.0
59 silly lifecycle aws4@1.5.0~postinstall: no script for postinstall, continuing
60 verbose rebuild bundle /home/qoder/WebstormProjects/reactScaffold-Qoder/node_modules/node-sass/node_modules/caseless
61 info build /home/qoder/WebstormProjects/reactScaffold-Qoder/node_modules/node-sass/node_modules/caseless
62 info lifecycle caseless@0.11.0~preinstall: caseless@0.11.0
63 silly lifecycle caseless@0.11.0~preinstall: no script for preinstall, continuing
64 info linkStuff caseless@0.11.0
65 silly linkStuff caseless@0.11.0 has /home/qoder/WebstormProjects/reactScaffold-Qoder/node_modules/node-sass/node_modules as its parent node_modules
66 verbose linkBins caseless@0.11.0
67 verbose linkMans caseless@0.11.0
68 verbose rebuildBundles caseless@0.11.0
69 info lifecycle caseless@0.11.0~install: caseless@0.11.0
70 silly lifecycle caseless@0.11.0~install: no script for install, continuing
71 info lifecycle caseless@0.11.0~postinstall: caseless@0.11.0
72 silly lifecycle caseless@0.11.0~postinstall: no script for postinstall, continuing
73 verbose rebuild bundle /home/qoder/WebstormProjects/reactScaffold-Qoder/node_modules/node-sass/node_modules/combined-stream
74 info build /home/qoder/WebstormProjects/reactScaffold-Qoder/node_modules/node-sass/node_modules/combined-stream
75 info lifecycle combined-stream@1.0.5~preinstall: combined-stream@1.0.5
76 silly lifecycle combined-stream@1.0.5~preinstall: no script for preinstall, continuing
77 info linkStuff combined-stream@1.0.5
78 silly linkStuff combined-stream@1.0.5 has /home/qoder/WebstormProjects/reactScaffold-Qoder/node_modules/node-sass/node_modules as its parent node_modules
79 verbose linkBins combined-stream@1.0.5
80 verbose linkMans combined-stream@1.0.5
81 verbose rebuildBundles combined-stream@1.0.5
82 info lifecycle combined-stream@1.0.5~install: combined-stream@1.0.5
83 silly lifecycle combined-stream@1.0.5~install: no script for install, continuing
84 info lifecycle combined-stream@1.0.5~postinstall: combined-stream@1.0.5
85 silly lifecycle combined-stream@1.0.5~postinstall: no script for postinstall, continuing
86 verbose rebuild bundle /home/qoder/WebstormProjects/reactScaffold-Qoder/node_modules/node-sass/node_modules/commander
87 info build /home/qoder/WebstormProjects/reactScaffold-Qoder/node_modules/node-sass/node_modules/commander
88 info lifecycle commander@2.9.0~preinstall: commander@2.9.0
89 silly lifecycle commander@2.9.0~preinstall: no script for preinstall, continuing
90 info linkStuff commander@2.9.0
91 silly linkStuff commander@2.9.0 has /home/qoder/WebstormProjects/reactScaffold-Qoder/node_modules/node-sass/node_modules as its parent node_modules
92 verbose linkBins commander@2.9.0
93 verbose linkMans commander@2.9.0
94 verbose rebuildBundles commander@2.9.0
95 info lifecycle commander@2.9.0~install: commander@2.9.0
96 silly lifecycle commander@2.9.0~install: no script for install, continuing
97 info lifecycle commander@2.9.0~postinstall: commander@2.9.0
98 silly lifecycle commander@2.9.0~postinstall: no script for postinstall, continuing
99 verbose rebuild bundle /home/qoder/WebstormProjects/reactScaffold-Qoder/node_modules/node-sass/node_modules/delayed-stream
100 info build /home/qoder/WebstormProjects/reactScaffold-Qoder/node_modules/node-sass/node_modules/delayed-stream
101 info lifecycle delayed-stream@1.0.0~preinstall: delayed-stream@1.0.0
102 silly lifecycle delayed-stream@1.0.0~preinstall: no script for preinstall, continuing
103 info linkStuff delayed-stream@1.0.0
104 silly linkStuff delayed-stream@1.0.0 has /home/qoder/WebstormProjects/reactScaffold-Qoder/node_modules/node-sass/node_modules as its parent node_modules
105 verbose linkBins delayed-stream@1.0.0
106 verbose linkMans delayed-stream@1.0.0
107 verbose rebuildBundles delayed-stream@1.0.0
108 info lifecycle delayed-stream@1.0.0~install: delayed-stream@1.0.0
109 silly lifecycle delayed-stream@1.0.0~install: no script for install, continuing
110 info lifecycle delayed-stream@1.0.0~postinstall: delayed-stream@1.0.0
111 silly lifecycle delayed-stream@1.0.0~postinstall: no script for postinstall, continuing
112 verbose rebuild bundle /home/qoder/WebstormProjects/reactScaffold-Qoder/node_modules/node-sass/node_modules/forever-agent
113 info build /home/qoder/WebstormProjects/reactScaffold-Qoder/node_modules/node-sass/node_modules/forever-agent
114 info lifecycle forever-agent@0.6.1~preinstall: forever-agent@0.6.1
115 silly lifecycle forever-agent@0.6.1~preinstall: no script for preinstall, continuing
116 info linkStuff forever-agent@0.6.1
117 silly linkStuff forever-agent@0.6.1 has /home/qoder/WebstormProjects/reactScaffold-Qoder/node_modules/node-sass/node_modules as its parent node_modules
118 verbose linkBins forever-agent@0.6.1
119 verbose linkMans forever-agent@0.6.1
120 verbose rebuildBundles forever-agent@0.6.1
121 info lifecycle forever-agent@0.6.1~install: forever-agent@0.6.1
122 silly lifecycle forever-agent@0.6.1~install: no script for install, continuing
123 info lifecycle forever-agent@0.6.1~postinstall: forever-agent@0.6.1
124 silly lifecycle forever-agent@0.6.1~postinstall: no script for postinstall, continuing
125 info lifecycle node-sass@3.13.0~install: node-sass@3.13.0
126 verbose lifecycle node-sass@3.13.0~install: unsafe-perm in lifecycle true
127 verbose lifecycle node-sass@3.13.0~install: PATH: /usr/local/lib/node_modules/npm/bin/node-gyp-bin:/home/qoder/WebstormProjects/reactScaffold-Qoder/node_modules/node-sass/node_modules/.bin:/home/qoder/WebstormProjects/reactScaffold-Qoder/node_modules/.bin:~/Android/Sdk/tools:~/Android/Sdk/platform-tools:/opt/Java/jdk/bin:/usr/local/sbin:/usr/local/bin:/usr/sbin:/usr/bin:/sbin:/bin:/usr/games:/usr/local/games:/snap/bin:/usr/lib/jvm/java-9-oracle/bin:/usr/lib/jvm/java-9-oracle/db/bin
128 verbose lifecycle node-sass@3.13.0~install: CWD: /home/qoder/WebstormProjects/reactScaffold-Qoder/node_modules/node-sass
129 silly lifecycle node-sass@3.13.0~install: Args: [ '-c', 'node scripts/install.js' ]
130 silly lifecycle node-sass@3.13.0~install: Returned: code: 1  signal: null
131 info lifecycle node-sass@3.13.0~install: Failed to exec install script
132 verbose stack Error: node-sass@3.13.0 install: `node scripts/install.js`
132 verbose stack Exit status 1
132 verbose stack     at EventEmitter.<anonymous> (/usr/local/lib/node_modules/npm/lib/utils/lifecycle.js:232:16)
132 verbose stack     at emitTwo (events.js:88:13)
132 verbose stack     at EventEmitter.emit (events.js:173:7)
132 verbose stack     at ChildProcess.<anonymous> (/usr/local/lib/node_modules/npm/lib/utils/spawn.js:24:14)
132 verbose stack     at emitTwo (events.js:88:13)
132 verbose stack     at ChildProcess.emit (events.js:173:7)
132 verbose stack     at maybeClose (internal/child_process.js:819:16)
132 verbose stack     at Process.ChildProcess._handle.onexit (internal/child_process.js:212:5)
133 verbose pkgid node-sass@3.13.0
134 verbose cwd /home/qoder/WebstormProjects/reactScaffold-Qoder
135 error Linux 4.4.0-47-generic
136 error argv "/usr/local/bin/node" "/usr/local/bin/npm" "rebuild" "node-sass"
137 error node v5.2.0
138 error npm  v3.3.12
139 error code ELIFECYCLE
140 error node-sass@3.13.0 install: `node scripts/install.js`
140 error Exit status 1
141 error Failed at the node-sass@3.13.0 install script 'node scripts/install.js'.
141 error Make sure you have the latest version of node.js and npm installed.
141 error If you do, this is most likely a problem with the node-sass package,
141 error not with npm itself.
141 error Tell the author that this fails on your system:
141 error     node scripts/install.js
141 error You can get their info via:
141 error     npm owner ls node-sass
141 error There is likely additional logging output above.
142 verbose exit [ 1, true ]
